<?xml version="1.0" encoding="UTF-8" standalone="yes" ?>
<test-results name="C:\Users\Ambiente\Documents\Delphi\mestreDosCodigos\src\MVC\Teste\Win32\Debug\MVCTeste.exe" total="8" errors="0" failures="0" ignored="0" inconclusive="0" not-run="0" skipped="0" invalid="0" date="2018-05-19" time="0.044">
  <culture-info current-culture="en" current-uiculture="en" />
  <test-suite type="Assembly" name="MVCTeste.exe" executed="true" result="Failure" success="False" time="0.044" asserts="0">
    <results>
        <test-suite type="Namespace" name="Teste" executed="true" result="Success" success="True" time="0.016" asserts="0" >
          <results>
              <test-suite type="Fixture" name="TControllerFactoryTest" executed="True" result="Success" success="True" time="0.008" >
                <results>
                  <test-case name="CriarFactory" executed="True" result="Success" success="True" time="0.000" asserts="0" />
                  <test-case name="RetonarController" executed="True" result="Success" success="True" time="0.000" asserts="0" />
                  <test-case name="Test2.TestA" executed="True" result="Success" success="True" time="0.000" asserts="0" />
                  <test-case name="Test2.TestB" executed="True" result="Success" success="True" time="0.000" asserts="0" />
                </results>
              </test-suite>
              <test-suite type="Fixture" name="TViewAtributoTeste" executed="True" result="Success" success="True" time="0.008" >
                <results>
                  <test-case name="TestaCriacaoERecuperacao.Teste com algo" executed="True" result="Success" success="True" time="0.000" asserts="0" />
                  <test-case name="TestaCriacaoERecuperacao.Teste vazio" executed="True" result="Success" success="True" time="0.000" asserts="0" />
                  <test-case name="TestarClasseContemAnotacao" executed="True" result="Failure" success="False" time="0.000" asserts="0" >
                    <failure>
                      <message>
                        <![CDATA[ 1008732 bytes were leaked in the test method ]]>
                      </message>
                      <stack-trace>
                        <![CDATA[  ]]>
                      </stack-trace>
                    </failure>
                  </test-case>
                  <test-case name="TestarClasseNaoContemAnotacao" executed="True" result="Success" success="True" time="0.000" asserts="0" />
                </results>
              </test-suite>
          </results>
        </test-suite>
    </results>
  </test-suite>
</test-results>
