<?xml version="1.0" encoding="UTF-8" standalone="yes" ?>
<test-results name="C:\Users\Ambiente\Documents\Delphi\mestreDosCodigos\src\GeradorSQL\Teste\Win32\Debug\GeradorSQLTeste.exe" total="12" errors="0" failures="0" ignored="0" inconclusive="0" not-run="0" skipped="0" invalid="0" date="2018-04-19" time="0.051">
  <culture-info current-culture="en" current-uiculture="en" />
  <test-suite type="Assembly" name="GeradorSQLTeste.exe" executed="true" result="Success" success="True" time="0.051" asserts="0">
    <results>
        <test-suite type="Namespace" name="uSQLSelectTeste" executed="true" result="Success" success="True" time="0.050" asserts="0" >
          <results>
              <test-suite type="Fixture" name="TSQLSelectTeste" executed="True" result="Success" success="True" time="0.050" >
                <results>
                  <test-case name="TestarSelect" executed="True" result="Success" success="True" time="0.016" asserts="0" />
                  <test-case name="TestarSaveToFile" executed="True" result="Success" success="True" time="0.000" asserts="0" />
                </results>
              </test-suite>
          </results>
        </test-suite>
        <test-suite type="Namespace" name="uSQLCondicaoTeste" executed="true" result="Success" success="True" time="0.006" asserts="0" >
          <results>
              <test-suite type="Fixture" name="TSQLCondicaoTeste" executed="True" result="Success" success="True" time="0.006" >
                <results>
                  <test-case name="TestarCondicao" executed="True" result="Success" success="True" time="0.000" asserts="0" />
                  <test-case name="TestarComColuna" executed="True" result="Success" success="True" time="0.000" asserts="0" />
                </results>
              </test-suite>
          </results>
        </test-suite>
        <test-suite type="Namespace" name="uSQLTabelaTeste" executed="true" result="Success" success="True" time="0.004" asserts="0" >
          <results>
              <test-suite type="Fixture" name="TSQLTabelaTeste" executed="True" result="Success" success="True" time="0.004" >
                <results>
                  <test-case name="ApenasComNome" executed="True" result="Success" success="True" time="0.000" asserts="0" />
                  <test-case name="ComNomeEAlias" executed="True" result="Success" success="True" time="0.000" asserts="0" />
                </results>
              </test-suite>
          </results>
        </test-suite>
        <test-suite type="Namespace" name="uSQLJuncaoTeste" executed="true" result="Success" success="True" time="0.003" asserts="0" >
          <results>
              <test-suite type="Fixture" name="TSQLJuncaoTeste" executed="True" result="Success" success="True" time="0.003" >
                <results>
                  <test-case name="TestarComTabelaEUmaCondicao" executed="True" result="Success" success="True" time="0.000" asserts="0" />
                  <test-case name="TestarComTabelaEDuasCondicoes" executed="True" result="Success" success="True" time="0.000" asserts="0" />
                </results>
              </test-suite>
          </results>
        </test-suite>
        <test-suite type="Namespace" name="uSQLColunaTeste" executed="true" result="Success" success="True" time="0.002" asserts="0" >
          <results>
              <test-suite type="Fixture" name="TSQLColunaTeste" executed="True" result="Success" success="True" time="0.002" >
                <results>
                  <test-case name="ColunaSimples" executed="True" result="Success" success="True" time="0.000" asserts="0" />
                  <test-case name="ColunaSimplesComTabela" executed="True" result="Success" success="True" time="0.000" asserts="0" />
                  <test-case name="ColunaComAlias" executed="True" result="Success" success="True" time="0.000" asserts="0" />
                  <test-case name="ColunaComAliasETabela" executed="True" result="Success" success="True" time="0.000" asserts="0" />
                </results>
              </test-suite>
          </results>
        </test-suite>
    </results>
  </test-suite>
</test-results>
