<?xml version="1.0" encoding="UTF-8" standalone="yes" ?>
<test-results name="C:\Users\Ambiente\Documents\Delphi\mestreDosCodigos\dpk\MCFWComponentes\teste\Win32\Debug\TesteComponente.exe" total="9" errors="0" failures="0" ignored="0" inconclusive="0" not-run="0" skipped="0" invalid="0" date="2018-03-05" time="0.210">
  <culture-info current-culture="en" current-uiculture="en" />
  <test-suite type="Assembly" name="TesteComponente.exe" executed="true" result="Success" success="True" time="0.210" asserts="0">
    <results>
        <test-suite type="Namespace" name="Teste" executed="true" result="Success" success="True" time="0.209" asserts="0" >
          <results>
              <test-suite type="Fixture" name="TConfiguradorMetaDataTeste" executed="True" result="Success" success="True" time="0.209" >
                <results>
                  <test-case name="Test1" executed="True" result="Success" success="True" time="0.000" asserts="0" />
                  <test-case name="TestarENTIDADEDisplayLabelDoCampo.Campo código" executed="True" result="Success" success="True" time="0.000" asserts="0" />
                  <test-case name="TestarENTIDADEDisplayLabelDoCampo.Campo nome" executed="True" result="Success" success="True" time="0.000" asserts="0" />
                  <test-case name="TestarENTIDADEDisplayLabelDoCampo.Campo descrição" executed="True" result="Success" success="True" time="0.000" asserts="0" />
                  <test-case name="TestarEntPropriedadeDisplayLabelDoCampo.Campo código" executed="True" result="Success" success="True" time="0.000" asserts="0" />
                  <test-case name="TestarEntPropriedadeDisplayLabelDoCampo.Campo nome" executed="True" result="Success" success="True" time="0.000" asserts="0" />
                  <test-case name="TestarEntPropriedadeDisplayLabelDoCampo.Campo descrição" executed="True" result="Success" success="True" time="0.000" asserts="0" />
                  <test-case name="TestePropriedadesInteiro.TestA" executed="True" result="Success" success="True" time="0.000" asserts="0" />
                  <test-case name="TestePropriedadesInteiro.TestB" executed="True" result="Success" success="True" time="0.000" asserts="0" />
                </results>
              </test-suite>
          </results>
        </test-suite>
    </results>
  </test-suite>
</test-results>
