<?xml version="1.0" encoding="UTF-8" standalone="yes" ?>
<test-results name="C:\Users\Ambiente\Documents\Delphi\mestreDosCodigos\src\pkgUtils\Teste\Win32\Debug\pkgUtilsTeste.exe" total="22" errors="0" failures="0" ignored="0" inconclusive="0" not-run="0" skipped="0" invalid="0" date="2018-07-01" time="0.003">
  <culture-info current-culture="en" current-uiculture="en" />
  <test-suite type="Assembly" name="pkgUtilsTeste.exe" executed="true" result="Success" success="True" time="0.003" asserts="0">
    <results>
        <test-suite type="Namespace" name="pkgUtils" executed="true" result="Success" success="True" time="0.006" asserts="0" >
          <results>
              <test-suite type="Namespace" name="Teste" executed="true" result="Success" success="True" time="0.006" asserts="0" >
                <results>
                    <test-suite type="Fixture" name="TTelefoneTeste" executed="True" result="Success" success="True" time="0.003" >
                      <results>
                        <test-case name="CriarTelefone" executed="True" result="Success" success="True" time="0.000" asserts="0" />
                        <test-case name="CriarTelefoneVazio" executed="True" result="Success" success="True" time="0.000" asserts="0" />
                        <test-case name="CriarApenasComDDD" executed="True" result="Success" success="True" time="0.000" asserts="0" />
                        <test-case name="CriarApenasComTelefone" executed="True" result="Success" success="True" time="0.000" asserts="0" />
                        <test-case name="CriarTelefoneCompletoTestarDDD" executed="True" result="Success" success="True" time="0.000" asserts="0" />
                        <test-case name="CriarTelefoneCompletoTestarTelefone" executed="True" result="Success" success="True" time="0.000" asserts="0" />
                        <test-case name="CriarTelefoneCompletoTestarTelefoneCompleto" executed="True" result="Success" success="True" time="0.000" asserts="0" />
                        <test-case name="TelefoneCompletoValido" executed="True" result="Success" success="True" time="0.000" asserts="0" />
                        <test-case name="TelefoneParcialmenteValido" executed="True" result="Success" success="True" time="0.000" asserts="0" />
                        <test-case name="TelefoneTotalmenteInvalido" executed="True" result="Success" success="True" time="0.000" asserts="0" />
                      </results>
                    </test-suite>
                    <test-suite type="Fixture" name="TListaRetornoValidacaoTeste" executed="True" result="Success" success="True" time="0.002" >
                      <results>
                        <test-case name="CriarListaVazia" executed="True" result="Success" success="True" time="0.000" asserts="0" />
                        <test-case name="CriarListaComElementos" executed="True" result="Success" success="True" time="0.000" asserts="0" />
                        <test-case name="ElementosSaoDiferentes" executed="True" result="Success" success="True" time="0.000" asserts="0" />
                        <test-case name="ElementosSaoDiferentesNaMemoria" executed="True" result="Success" success="True" time="0.000" asserts="0" />
                        <test-case name="ElementosExistemAposAListaSerDestruida" executed="True" result="Success" success="True" time="0.000" asserts="0" />
                      </results>
                    </test-suite>
                    <test-suite type="Fixture" name="TEmailTeste" executed="True" result="Success" success="True" time="0.001" >
                      <results>
                        <test-case name="DadoEmailValidoRetornaValido" executed="True" result="Success" success="True" time="0.000" asserts="0" />
                        <test-case name="DadoEmailInvalidoRetornaInValido" executed="True" result="Success" success="True" time="0.000" asserts="0" />
                        <test-case name="DadoEmailValidoRetornoDeveEstarVazio" executed="True" result="Success" success="True" time="0.000" asserts="0" />
                        <test-case name="DadoEmailInValidoRetornoDeveConterValor" executed="True" result="Success" success="True" time="0.000" asserts="0" />
                      </results>
                    </test-suite>
                    <test-suite type="Fixture" name="TEnderecoTeste" executed="True" result="Success" success="True" time="0.000" >
                      <results>
                        <test-case name="CriarEnderecoComDados" executed="True" result="Success" success="True" time="0.000" asserts="0" />
                        <test-case name="CriarEnderecoVazio" executed="True" result="Success" success="True" time="0.000" asserts="0" />
                        <test-case name="TestarCEPInvalido" executed="True" result="Success" success="True" time="0.000" asserts="0" />
                      </results>
                    </test-suite>
                </results>
              </test-suite>
          </results>
        </test-suite>
    </results>
  </test-suite>
</test-results>
