<?xml version="1.0" encoding="UTF-8" standalone="yes" ?>
<test-results name="C:\Users\Ambiente\Documents\Delphi\mestreDosCodigos\src\AplicacaoFinal\Teste\Win32\Debug\OMestreDosCodigosTeste.exe" total="30" errors="0" failures="0" ignored="0" inconclusive="0" not-run="0" skipped="0" invalid="0" date="2018-04-21" time="2.230">
  <culture-info current-culture="en" current-uiculture="en" />
  <test-suite type="Assembly" name="OMestreDosCodigosTeste.exe" executed="true" result="Success" success="True" time="2.230" asserts="0">
    <results>
        <test-suite type="Namespace" name="OMestreDosCodigos" executed="true" result="Success" success="True" time="2.231" asserts="0" >
          <results>
              <test-suite type="Namespace" name="Cliente" executed="true" result="Success" success="True" time="2.231" asserts="0" >
                <results>
                    <test-suite type="Fixture" name="TTesteArrayDinamico" executed="True" result="Success" success="True" time="2.229" >
                      <results>
                        <test-case name="CriarListaArrayDinamico" executed="True" result="Success" success="True" time="0.000" asserts="0" />
                        <test-case name="CriarListaInicializada" executed="True" result="Success" success="True" time="0.000" asserts="0" />
                        <test-case name="AdicionarItem" executed="True" result="Success" success="True" time="0.000" asserts="0" />
                        <test-case name="AdicionarArray" executed="True" result="Success" success="True" time="0.000" asserts="0" />
                        <test-case name="RemoverIndiceMaiorQueOTamanho" executed="True" result="Success" success="True" time="2.235" asserts="0" />
                        <test-case name="RemoverItem.Remover o primeiro" executed="True" result="Success" success="True" time="0.000" asserts="0" />
                        <test-case name="RemoverItem.Remover o último" executed="True" result="Success" success="True" time="0.000" asserts="0" />
                        <test-case name="RemoverItem.Remover do meio" executed="True" result="Success" success="True" time="0.000" asserts="0" />
                        <test-case name="AlterarNome.Alterar o primeiro" executed="True" result="Success" success="True" time="0.000" asserts="0" />
                        <test-case name="AlterarNome.Alterar o último" executed="True" result="Success" success="True" time="0.000" asserts="0" />
                        <test-case name="AlterarNome.Alterar do meio" executed="True" result="Success" success="True" time="0.000" asserts="0" />
                        <test-case name="RecuperarODoMeio.Alterar o primeiro" executed="True" result="Success" success="True" time="0.000" asserts="0" />
                        <test-case name="RecuperarODoMeio.Alterar o último" executed="True" result="Success" success="True" time="0.000" asserts="0" />
                        <test-case name="RecuperarODoMeio.Alterar do meio" executed="True" result="Success" success="True" time="0.000" asserts="0" />
                        <test-case name="AlterarRegistro" executed="True" result="Success" success="True" time="0.000" asserts="0" />
                      </results>
                    </test-suite>
                    <test-suite type="Fixture" name="TTesteCliente" executed="True" result="Success" success="True" time="0.002" >
                      <results>
                        <test-case name="CriarCliente" executed="True" result="Success" success="True" time="0.000" asserts="0" />
                        <test-case name="ClienteTemNome" executed="True" result="Success" success="True" time="0.000" asserts="0" />
                        <test-case name="ClienteTemDataNascimento" executed="True" result="Success" success="True" time="0.000" asserts="0" />
                        <test-case name="ClienteTemEndereco" executed="True" result="Success" success="True" time="0.000" asserts="0" />
                        <test-case name="ClienteTemEmail" executed="True" result="Success" success="True" time="0.000" asserts="0" />
                        <test-case name="ClienteTemTelefone" executed="True" result="Success" success="True" time="0.000" asserts="0" />
                        <test-case name="ModificarNome" executed="True" result="Success" success="True" time="0.000" asserts="0" />
                        <test-case name="ModificarDataNascimento" executed="True" result="Success" success="True" time="0.000" asserts="0" />
                        <test-case name="ModificarEndereco" executed="True" result="Success" success="True" time="0.000" asserts="0" />
                        <test-case name="AtribuirNovoEndereco" executed="True" result="Success" success="True" time="0.000" asserts="0" />
                        <test-case name="ModificarEmail" executed="True" result="Success" success="True" time="0.000" asserts="0" />
                        <test-case name="AtribuirNovoEmail" executed="True" result="Success" success="True" time="0.000" asserts="0" />
                        <test-case name="ModificarTelefone" executed="True" result="Success" success="True" time="0.000" asserts="0" />
                        <test-case name="TestarDadosClienteValido" executed="True" result="Success" success="True" time="0.000" asserts="0" />
                        <test-case name="ModificarParaCEPInvalido" executed="True" result="Success" success="True" time="0.000" asserts="0" />
                      </results>
                    </test-suite>
                </results>
              </test-suite>
          </results>
        </test-suite>
    </results>
  </test-suite>
</test-results>
